Log file open, 12/12/20 16:59:36
LogInit: Display: Running engine for game: KulaDajeFula
LogPlatformFile: Not using cached read wrapper
LogTaskGraph: Started task graph with 5 named threads and 47 total threads with 3 sets of task threads.
LogStats: Stats thread started at 0.156563
LogD3D11RHI: Loaded GFSDK_Aftermath_Lib.x64.dll
LogICUInternationalization: ICU TimeZone Detection - Raw Offset: +1:00, Platform Override: ''
LogPluginManager: Mounting plugin Paper2D
LogPluginManager: Mounting plugin AISupport
LogPluginManager: Mounting plugin LightPropagationVolume
LogPluginManager: Mounting plugin CameraShakePreviewer
LogPluginManager: Mounting plugin ActorLayerUtilities
LogPluginManager: Mounting plugin AnimationSharing
LogPluginManager: Mounting plugin CLionSourceCodeAccess
LogPluginManager: Mounting plugin CodeLiteSourceCodeAccess
LogPluginManager: Mounting plugin GitSourceControl
LogPluginManager: Mounting plugin KDevelopSourceCodeAccess
LogPluginManager: Mounting plugin NullSourceCodeAccess
LogPluginManager: Mounting plugin PerforceSourceControl
LogPluginManager: Mounting plugin PlasticSourceControl
LogPluginManager: Mounting plugin RiderSourceCodeAccess
LogPluginManager: Mounting plugin SubversionSourceControl
LogPluginManager: Mounting plugin UObjectPlugin
LogPluginManager: Mounting plugin VisualStudioCodeSourceCodeAccess
LogPluginManager: Mounting plugin VisualStudioSourceCodeAccess
LogPluginManager: Mounting plugin XCodeSourceCodeAccess
LogPluginManager: Mounting plugin AssetManagerEditor
LogPluginManager: Mounting plugin CryptoKeys
LogPluginManager: Mounting plugin CurveEditorTools
LogPluginManager: Mounting plugin DataValidation
LogPluginManager: Mounting plugin EditorScriptingUtilities
LogPluginManager: Mounting plugin FacialAnimation
LogPluginManager: Mounting plugin GameplayTagsEditor
LogPluginManager: Mounting plugin GeometryMode
LogPluginManager: Mounting plugin MacGraphicsSwitching
LogPluginManager: Mounting plugin MaterialAnalyzer
LogPluginManager: Mounting plugin MobileLauncherProfileWizard
LogPluginManager: Mounting plugin PluginBrowser
LogPluginManager: Mounting plugin SpeedTreeImporter
LogPluginManager: Mounting plugin DatasmithContent
LogPluginManager: Mounting plugin VariantManagerContent
LogPluginManager: Mounting plugin AlembicImporter
LogPluginManager: Mounting plugin AutomationUtils
LogPluginManager: Mounting plugin BackChannel
LogPluginManager: Mounting plugin ChaosCloth
LogPluginManager: Mounting plugin ChaosClothEditor
LogPluginManager: Mounting plugin ChaosEditor
LogPluginManager: Mounting plugin ChaosNiagara
LogPluginManager: Mounting plugin ChaosSolverPlugin
LogPluginManager: Mounting plugin CharacterAI
LogPluginManager: Mounting plugin GeometryCache
LogPluginManager: Mounting plugin GeometryCollectionPlugin
LogPluginManager: Mounting plugin GeometryProcessing
LogPluginManager: Mounting plugin PlanarCut
LogPluginManager: Mounting plugin PlatformCrypto
LogPluginManager: Mounting plugin ProxyLODPlugin
LogPluginManager: Mounting plugin SkeletalReduction
LogPluginManager: Mounting plugin Niagara
LogPluginManager: Mounting plugin MagicLeap
LogPluginManager: Mounting plugin MagicLeapLightEstimation
LogPluginManager: Mounting plugin MagicLeapMedia
LogPluginManager: Mounting plugin MagicLeapPassableWorld
LogPluginManager: Mounting plugin MLSDK
LogPluginManager: Mounting plugin AndroidMedia
LogPluginManager: Mounting plugin AvfMedia
LogPluginManager: Mounting plugin ImgMedia
LogPluginManager: Mounting plugin MediaCompositing
LogPluginManager: Mounting plugin MediaPlayerEditor
LogPluginManager: Mounting plugin WebMMedia
LogPluginManager: Mounting plugin WmfMedia
LogPluginManager: Mounting plugin MeshPainting
LogPluginManager: Mounting plugin TcpMessaging
LogPluginManager: Mounting plugin UdpMessaging
LogPluginManager: Mounting plugin ActorSequence
LogPluginManager: Mounting plugin LevelSequenceEditor
LogPluginManager: Mounting plugin MatineeToLevelSequence
LogPluginManager: Mounting plugin MovieRenderPipeline
LogPluginManager: Mounting plugin TemplateSequence
LogPluginManager: Mounting plugin NetcodeUnitTest
LogPluginManager: Mounting plugin NUTUnrealEngine4
LogPluginManager: Mounting plugin OnlineSubsystemGooglePlay
LogPluginManager: Mounting plugin OnlineSubsystemIOS
LogPluginManager: Mounting plugin OnlineSubsystem
LogPluginManager: Mounting plugin OnlineSubsystemNull
LogPluginManager: Mounting plugin OnlineSubsystemUtils
LogPluginManager: Mounting plugin LauncherChunkInstaller
LogPluginManager: Mounting plugin AndroidDeviceProfileSelector
LogPluginManager: Mounting plugin AndroidMoviePlayer
LogPluginManager: Mounting plugin AndroidPermission
LogPluginManager: Mounting plugin AppleImageUtils
LogPluginManager: Mounting plugin AppleMoviePlayer
LogPluginManager: Mounting plugin ArchVisCharacter
LogPluginManager: Mounting plugin AssetTags
LogPluginManager: Mounting plugin AudioCapture
LogPluginManager: Mounting plugin CableComponent
LogPluginManager: Mounting plugin CustomMeshComponent
LogPluginManager: Mounting plugin EditableMesh
LogPluginManager: Mounting plugin ExampleDeviceProfileSelector
LogPluginManager: Mounting plugin GoogleCloudMessaging
LogPluginManager: Mounting plugin GooglePAD
LogPluginManager: Mounting plugin IOSDeviceProfileSelector
LogPluginManager: Mounting plugin LinuxDeviceProfileSelector
LogPluginManager: Mounting plugin LocationServicesBPLibrary
LogPluginManager: Mounting plugin MobilePatchingUtils
LogPluginManager: Mounting plugin OculusVR
LogPluginManager: Mounting plugin PhysXVehicles
LogPluginManager: Mounting plugin PostSplashScreen
LogPluginManager: Mounting plugin ProceduralMeshComponent
LogPluginManager: Mounting plugin RuntimePhysXCooking
LogPluginManager: Mounting plugin SignificanceManager
LogPluginManager: Mounting plugin SoundFields
LogPluginManager: Mounting plugin SteamVR
LogPluginManager: Mounting plugin Synthesis
LogPluginManager: Mounting plugin WebMMoviePlayer
LogPluginManager: Mounting plugin WindowsMoviePlayer
LogPluginManager: Mounting plugin ScreenshotTools
LogInit: Using libcurl 7.55.1-DEV
LogInit:  - built for x86_64-pc-win32
LogInit:  - supports SSL with OpenSSL/1.1.1
LogInit:  - supports HTTP deflate (compression) using libz 1.2.8
LogInit:  - other features:
LogInit:      CURL_VERSION_SSL
LogInit:      CURL_VERSION_LIBZ
LogInit:      CURL_VERSION_IPV6
LogInit:      CURL_VERSION_ASYNCHDNS
LogInit:      CURL_VERSION_LARGEFILE
LogInit:      CURL_VERSION_IDN
LogInit:  CurlRequestOptions (configurable via config and command line):
LogInit:  - bVerifyPeer = true  - Libcurl will verify peer certificate
LogInit:  - bUseHttpProxy = false  - Libcurl will NOT use HTTP proxy
LogInit:  - bDontReuseConnections = false  - Libcurl will reuse connections
LogInit:  - MaxHostConnections = 16  - Libcurl will limit the number of connections to a host
LogInit:  - LocalHostAddr = Default
LogInit:  - BufferSize = 65536
LogOnline: OSS: Creating online subsystem instance for: NULL
LogInit: WinSock: version 1.1 (2.2), MaxSocks=32767, MaxUdp=65467
LogOnline: OSS: TryLoadSubsystemAndSetDefault: Loaded subsystem for module [NULL]
LogInit: Build: ++UE4+Release-4.25-CL-13942748
LogInit: Engine Version: 4.25.3-13942748+++UE4+Release-4.25
LogInit: Compatible Engine Version: 4.25.0-13144385+++UE4+Release-4.25
LogInit: Net CL: 13144385
LogInit: OS: Windows 10 (Release 2004) (), CPU: AMD Ryzen 7 3700X 8-Core Processor             , GPU: NVIDIA GeForce RTX 2070 SUPER
LogInit: Compiled (64-bit): Jul 25 2020 02:07:48
LogInit: Compiled with Visual C++: 19.24.28315.00
LogInit: Build Configuration: Development
LogInit: Branch Name: ++UE4+Release-4.25
LogInit: Command Line: 
LogInit: Base Directory: D:/Program Files (x86)/Epic Games/UE_4.25/Engine/Binaries/Win64/
LogInit: Allocator: TBB
LogInit: Installed Engine Build: 1
LogDevObjectVersion: Number of dev versions registered: 26
LogDevObjectVersion:   Dev-Blueprints (B0D832E4-1F89-4F0D-ACCF-7EB736FD4AA2): 10
LogDevObjectVersion:   Dev-Build (E1C64328-A22C-4D53-A36C-8E866417BD8C): 0
LogDevObjectVersion:   Dev-Core (375EC13C-06E4-48FB-B500-84F0262A717E): 4
LogDevObjectVersion:   Dev-Editor (E4B068ED-F494-42E9-A231-DA0B2E46BB41): 38
LogDevObjectVersion:   Dev-Framework (CFFC743F-43B0-4480-9391-14DF171D2073): 37
LogDevObjectVersion:   Dev-Mobile (B02B49B5-BB20-44E9-A304-32B752E40360): 2
LogDevObjectVersion:   Dev-Networking (A4E4105C-59A1-49B5-A7C5-40C4547EDFEE): 0
LogDevObjectVersion:   Dev-Online (39C831C9-5AE6-47DC-9A44-9C173E1C8E7C): 0
LogDevObjectVersion:   Dev-Physics (78F01B33-EBEA-4F98-B9B4-84EACCB95AA2): 4
LogDevObjectVersion:   Dev-Platform (6631380F-2D4D-43E0-8009-CF276956A95A): 0
LogDevObjectVersion:   Dev-Rendering (12F88B9F-8875-4AFC-A67C-D90C383ABD29): 43
LogDevObjectVersion:   Dev-Sequencer (7B5AE74C-D270-4C10-A958-57980B212A5A): 12
LogDevObjectVersion:   Dev-VR (D7296918-1DD6-4BDD-9DE2-64A83CC13884): 3
LogDevObjectVersion:   Dev-LoadTimes (C2A15278-BFE7-4AFE-6C17-90FF531DF755): 1
LogDevObjectVersion:   Private-Geometry (6EACA3D4-40EC-4CC1-B786-8BED09428FC5): 3
LogDevObjectVersion:   Dev-AnimPhys (29E575DD-E0A3-4627-9D10-D276232CDCEA): 17
LogDevObjectVersion:   Dev-Anim (AF43A65D-7FD3-4947-9873-3E8ED9C1BB05): 7
LogDevObjectVersion:   Dev-ReflectionCapture (6B266CEC-1EC7-4B8F-A30B-E4D90942FC07): 1
LogDevObjectVersion:   Dev-Automation (0DF73D61-A23F-47EA-B727-89E90C41499A): 1
LogDevObjectVersion:   FortniteMain (601D1886-AC64-4F84-AA16-D3DE0DEAC7D6): 31
LogDevObjectVersion:   Dev-Enterprise (9DFFBCD6-494F-0158-E221-12823C92A888): 10
LogDevObjectVersion:   Dev-Niagara (F2AED0AC-9AFE-416F-8664-AA7FFA26D6FC): 1
LogDevObjectVersion:   Dev-Destruction (174F1F0B-B4C6-45A5-B13F-2EE8D0FB917D): 10
LogDevObjectVersion:   Dev-Physics-Ext (35F94A83-E258-406C-A318-09F59610247C): 37
LogDevObjectVersion:   Dev-PhysicsMaterial-Chaos (B68FC16E-8B1B-42E2-B453-215C058844FE): 1
LogDevObjectVersion:   Dev-CineCamera (B2E18506-4273-CFC2-A54E-F4BB758BBA07): 1
LogInit: Presizing for max 25165824 objects, including 0 objects not considered by GC, pre-allocating 0 bytes for permanent pool.
LogConfig: Applying CVar settings from Section [/Script/Engine.StreamingSettings] File [D:/Dokumenty/Studia/Programowanie/KulaDajeFula/Saved/Config/Windows/Engine.ini]
LogConfig: Setting CVar [[s.MinBulkDataSizeForAsyncLoading:131072]]
LogConfig: Setting CVar [[s.AsyncLoadingThreadEnabled:0]]
LogConfig: Setting CVar [[s.EventDrivenLoaderEnabled:1]]
LogConfig: Setting CVar [[s.WarnIfTimeLimitExceeded:0]]
LogConfig: Setting CVar [[s.TimeLimitExceededMultiplier:1.5]]
LogConfig: Setting CVar [[s.TimeLimitExceededMinTime:0.005]]
LogConfig: Setting CVar [[s.UseBackgroundLevelStreaming:1]]
LogConfig: Setting CVar [[s.PriorityAsyncLoadingExtraTime:15.0]]
LogConfig: Setting CVar [[s.LevelStreamingActorsUpdateTimeLimit:5.0]]
LogConfig: Setting CVar [[s.PriorityLevelStreamingActorsUpdateExtraTime:5.0]]
LogConfig: Setting CVar [[s.LevelStreamingComponentsRegistrationGranularity:10]]
LogConfig: Setting CVar [[s.UnregisterComponentsTimeLimit:1.0]]
LogConfig: Setting CVar [[s.LevelStreamingComponentsUnregistrationGranularity:5]]
LogConfig: Setting CVar [[s.FlushStreamingOnExit:1]]
LogInit: Object subsystem initialized
LogConfig: Setting CVar [[con.DebugEarlyDefault:1]]
LogConfig: Setting CVar [[r.setres:1280x720]]
[2020.12.12-15.59.36:756][  0]LogConfig: Setting CVar [[r.VSync:0]]
[2020.12.12-15.59.36:756][  0]LogConfig: Setting CVar [[r.RHICmdBypass:0]]
[2020.12.12-15.59.36:756][  0]LogConfig: Applying CVar settings from Section [/Script/Engine.RendererSettings] File [D:/Dokumenty/Studia/Programowanie/KulaDajeFula/Saved/Config/Windows/Engine.ini]
[2020.12.12-15.59.36:756][  0]LogConfig: Setting CVar [[r.GPUCrashDebugging:0]]
[2020.12.12-15.59.36:756][  0]LogConfig: Applying CVar settings from Section [/Script/Engine.RendererOverrideSettings] File [D:/Dokumenty/Studia/Programowanie/KulaDajeFula/Saved/Config/Windows/Engine.ini]
[2020.12.12-15.59.36:756][  0]LogConfig: Applying CVar settings from Section [/Script/Engine.StreamingSettings] File [D:/Dokumenty/Studia/Programowanie/KulaDajeFula/Saved/Config/Windows/Engine.ini]
[2020.12.12-15.59.36:756][  0]LogConfig: Setting CVar [[s.MinBulkDataSizeForAsyncLoading:131072]]
[2020.12.12-15.59.36:756][  0]LogConfig: Setting CVar [[s.AsyncLoadingThreadEnabled:0]]
[2020.12.12-15.59.36:756][  0]LogConfig: Setting CVar [[s.EventDrivenLoaderEnabled:1]]
[2020.12.12-15.59.36:756][  0]LogConfig: Setting CVar [[s.WarnIfTimeLimitExceeded:0]]
[2020.12.12-15.59.36:756][  0]LogConfig: Setting CVar [[s.TimeLimitExceededMultiplier:1.5]]
[2020.12.12-15.59.36:756][  0]LogConfig: Setting CVar [[s.TimeLimitExceededMinTime:0.005]]
[2020.12.12-15.59.36:756][  0]LogConfig: Setting CVar [[s.UseBackgroundLevelStreaming:1]]
[2020.12.12-15.59.36:756][  0]LogConfig: Setting CVar [[s.PriorityAsyncLoadingExtraTime:15.0]]
[2020.12.12-15.59.36:756][  0]LogConfig: Setting CVar [[s.LevelStreamingActorsUpdateTimeLimit:5.0]]
[2020.12.12-15.59.36:756][  0]LogConfig: Setting CVar [[s.PriorityLevelStreamingActorsUpdateExtraTime:5.0]]
[2020.12.12-15.59.36:756][  0]LogConfig: Setting CVar [[s.LevelStreamingComponentsRegistrationGranularity:10]]
[2020.12.12-15.59.36:756][  0]LogConfig: Setting CVar [[s.UnregisterComponentsTimeLimit:1.0]]
[2020.12.12-15.59.36:756][  0]LogConfig: Setting CVar [[s.LevelStreamingComponentsUnregistrationGranularity:5]]
[2020.12.12-15.59.36:756][  0]LogConfig: Setting CVar [[s.FlushStreamingOnExit:1]]
[2020.12.12-15.59.36:756][  0]LogConfig: Applying CVar settings from Section [/Script/Engine.GarbageCollectionSettings] File [D:/Dokumenty/Studia/Programowanie/KulaDajeFula/Saved/Config/Windows/Engine.ini]
[2020.12.12-15.59.36:756][  0]LogConfig: Setting CVar [[gc.MaxObjectsNotConsideredByGC:1]]
[2020.12.12-15.59.36:756][  0]LogConfig: Setting CVar [[gc.SizeOfPermanentObjectPool:0]]
[2020.12.12-15.59.36:756][  0]LogConfig: Setting CVar [[gc.FlushStreamingOnGC:0]]
[2020.12.12-15.59.36:756][  0]LogConfig: Setting CVar [[gc.NumRetriesBeforeForcingGC:10]]
[2020.12.12-15.59.36:756][  0]LogConfig: Setting CVar [[gc.AllowParallelGC:1]]
[2020.12.12-15.59.36:756][  0]LogConfig: Setting CVar [[gc.TimeBetweenPurgingPendingKillObjects:61.1]]
[2020.12.12-15.59.36:756][  0]LogConfig: Setting CVar [[gc.MaxObjectsInEditor:25165824]]
[2020.12.12-15.59.36:756][  0]LogConfig: Setting CVar [[gc.IncrementalBeginDestroyEnabled:1]]
[2020.12.12-15.59.36:756][  0]LogConfig: Setting CVar [[gc.CreateGCClusters:1]]
[2020.12.12-15.59.36:756][  0]LogConfig: Setting CVar [[gc.MinGCClusterSize:5]]
[2020.12.12-15.59.36:756][  0]LogConfig: Setting CVar [[gc.ActorClusteringEnabled:0]]
[2020.12.12-15.59.36:756][  0]LogConfig: Setting CVar [[gc.BlueprintClusteringEnabled:0]]
[2020.12.12-15.59.36:756][  0]LogConfig: Setting CVar [[gc.UseDisregardForGCOnDedicatedServers:0]]
[2020.12.12-15.59.36:756][  0]LogConfig: Applying CVar settings from Section [/Script/Engine.NetworkSettings] File [D:/Dokumenty/Studia/Programowanie/KulaDajeFula/Saved/Config/Windows/Engine.ini]
[2020.12.12-15.59.36:756][  0]LogConfig: Applying CVar settings from Section [/Script/UnrealEd.CookerSettings] File [D:/Dokumenty/Studia/Programowanie/KulaDajeFula/Saved/Config/Windows/Engine.ini]
[2020.12.12-15.59.36:758][  0]LogConfig: Applying CVar settings from Section [ViewDistanceQuality@3] File [D:/Dokumenty/Studia/Programowanie/KulaDajeFula/Saved/Config/Windows/Scalability.ini]
[2020.12.12-15.59.36:758][  0]LogConfig: Setting CVar [[r.SkeletalMeshLODBias:0]]
[2020.12.12-15.59.36:758][  0]LogConfig: Setting CVar [[r.ViewDistanceScale:1.0]]
[2020.12.12-15.59.36:758][  0]LogConfig: Applying CVar settings from Section [AntiAliasingQuality@3] File [D:/Dokumenty/Studia/Programowanie/KulaDajeFula/Saved/Config/Windows/Scalability.ini]
[2020.12.12-15.59.36:758][  0]LogConfig: Setting CVar [[r.PostProcessAAQuality:4]]
[2020.12.12-15.59.36:758][  0]LogConfig: Applying CVar settings from Section [ShadowQuality@3] File [D:/Dokumenty/Studia/Programowanie/KulaDajeFula/Saved/Config/Windows/Scalability.ini]
[2020.12.12-15.59.36:758][  0]LogConfig: Setting CVar [[r.LightFunctionQuality:1]]
[2020.12.12-15.59.36:758][  0]LogConfig: Setting CVar [[r.ShadowQuality:5]]
[2020.12.12-15.59.36:758][  0]LogConfig: Setting CVar [[r.Shadow.CSM.MaxCascades:10]]
[2020.12.12-15.59.36:758][  0]LogConfig: Setting CVar [[r.Shadow.MaxResolution:2048]]
[2020.12.12-15.59.36:758][  0]LogConfig: Setting CVar [[r.Shadow.MaxCSMResolution:2048]]
[2020.12.12-15.59.36:758][  0]LogConfig: Setting CVar [[r.Shadow.RadiusThreshold:0.01]]
[2020.12.12-15.59.36:758][  0]LogConfig: Setting CVar [[r.Shadow.DistanceScale:1.0]]
[2020.12.12-15.59.36:758][  0]LogConfig: Setting CVar [[r.Shadow.CSM.TransitionScale:1.0]]
[2020.12.12-15.59.36:758][  0]LogConfig: Setting CVar [[r.Shadow.PreShadowResolutionFactor:1.0]]
[2020.12.12-15.59.36:758][  0]LogConfig: Setting CVar [[r.DistanceFieldShadowing:1]]
[2020.12.12-15.59.36:758][  0]LogConfig: Setting CVar [[r.DistanceFieldAO:1]]
[2020.12.12-15.59.36:758][  0]LogConfig: Setting CVar [[r.AOQuality:2]]
[2020.12.12-15.59.36:758][  0]LogConfig: Setting CVar [[r.VolumetricFog:1]]
[2020.12.12-15.59.36:758][  0]LogConfig: Setting CVar [[r.VolumetricFog.GridPixelSize:8]]
[2020.12.12-15.59.36:758][  0]LogConfig: Setting CVar [[r.VolumetricFog.GridSizeZ:128]]
[2020.12.12-15.59.36:758][  0]LogConfig: Setting CVar [[r.VolumetricFog.HistoryMissSupersampleCount:4]]
[2020.12.12-15.59.36:758][  0]LogConfig: Setting CVar [[r.LightMaxDrawDistanceScale:1]]
[2020.12.12-15.59.36:758][  0]LogConfig: Setting CVar [[r.CapsuleShadows:1]]
[2020.12.12-15.59.36:758][  0]LogConfig: Applying CVar settings from Section [PostProcessQuality@3] File [D:/Dokumenty/Studia/Programowanie/KulaDajeFula/Saved/Config/Windows/Scalability.ini]
[2020.12.12-15.59.36:758][  0]LogConfig: Setting CVar [[r.MotionBlurQuality:4]]
[2020.12.12-15.59.36:758][  0]LogConfig: Setting CVar [[r.AmbientOcclusionMipLevelFactor:0.4]]
[2020.12.12-15.59.36:758][  0]LogConfig: Setting CVar [[r.AmbientOcclusionMaxQuality:100]]
[2020.12.12-15.59.36:758][  0]LogConfig: Setting CVar [[r.AmbientOcclusionLevels:-1]]
[2020.12.12-15.59.36:758][  0]LogConfig: Setting CVar [[r.AmbientOcclusionRadiusScale:1.0]]
[2020.12.12-15.59.36:758][  0]LogConfig: Setting CVar [[r.DepthOfFieldQuality:2]]
[2020.12.12-15.59.36:758][  0]LogConfig: Setting CVar [[r.RenderTargetPoolMin:400]]
[2020.12.12-15.59.36:758][  0]LogConfig: Setting CVar [[r.LensFlareQuality:2]]
[2020.12.12-15.59.36:758][  0]LogConfig: Setting CVar [[r.SceneColorFringeQuality:1]]
[2020.12.12-15.59.36:758][  0]LogConfig: Setting CVar [[r.EyeAdaptationQuality:2]]
[2020.12.12-15.59.36:758][  0]LogConfig: Setting CVar [[r.BloomQuality:5]]
[2020.12.12-15.59.36:758][  0]LogConfig: Setting CVar [[r.FastBlurThreshold:100]]
[2020.12.12-15.59.36:758][  0]LogConfig: Setting CVar [[r.Upscale.Quality:3]]
[2020.12.12-15.59.36:758][  0]LogConfig: Setting CVar [[r.Tonemapper.GrainQuantization:1]]
[2020.12.12-15.59.36:758][  0]LogConfig: Setting CVar [[r.LightShaftQuality:1]]
[2020.12.12-15.59.36:758][  0]LogConfig: Setting CVar [[r.Filter.SizeScale:1]]
[2020.12.12-15.59.36:758][  0]LogConfig: Setting CVar [[r.Tonemapper.Quality:5]]
[2020.12.12-15.59.36:758][  0]LogConfig: Setting CVar [[r.DOF.Gather.AccumulatorQuality:1        ; higher gathering accumulator quality]]
[2020.12.12-15.59.36:758][  0]LogConfig: Setting CVar [[r.DOF.Gather.PostfilterMethod:1          ; Median3x3 postfilering method]]
[2020.12.12-15.59.36:758][  0]LogConfig: Setting CVar [[r.DOF.Gather.EnableBokehSettings:0       ; no bokeh simulation when gathering]]
[2020.12.12-15.59.36:758][  0]LogConfig: Setting CVar [[r.DOF.Gather.RingCount:4                 ; medium number of samples when gathering]]
[2020.12.12-15.59.36:758][  0]LogConfig: Setting CVar [[r.DOF.Scatter.ForegroundCompositing:1    ; additive foreground scattering]]
[2020.12.12-15.59.36:758][  0]LogConfig: Setting CVar [[r.DOF.Scatter.BackgroundCompositing:2    ; additive background scattering]]
[2020.12.12-15.59.36:758][  0]LogConfig: Setting CVar [[r.DOF.Scatter.EnableBokehSettings:1      ; bokeh simulation when scattering]]
[2020.12.12-15.59.36:758][  0]LogConfig: Setting CVar [[r.DOF.Scatter.MaxSpriteRatio:0.1         ; only a maximum of 10% of scattered bokeh]]
[2020.12.12-15.59.36:758][  0]LogConfig: Setting CVar [[r.DOF.Recombine.Quality:1                ; cheap slight out of focus]]
[2020.12.12-15.59.36:758][  0]LogConfig: Setting CVar [[r.DOF.Recombine.EnableBokehSettings:0    ; no bokeh simulation on slight out of focus]]
[2020.12.12-15.59.36:758][  0]LogConfig: Setting CVar [[r.DOF.TemporalAAQuality:1                ; more stable temporal accumulation]]
[2020.12.12-15.59.36:758][  0]LogConfig: Setting CVar [[r.DOF.Kernel.MaxForegroundRadius:0.025]]
[2020.12.12-15.59.36:758][  0]LogConfig: Setting CVar [[r.DOF.Kernel.MaxBackgroundRadius:0.025]]
[2020.12.12-15.59.36:758][  0]LogConfig: Applying CVar settings from Section [TextureQuality@3] File [D:/Dokumenty/Studia/Programowanie/KulaDajeFula/Saved/Config/Windows/Scalability.ini]
[2020.12.12-15.59.36:758][  0]LogConfig: Setting CVar [[r.Streaming.MipBias:0]]
[2020.12.12-15.59.36:758][  0]LogConfig: Setting CVar [[r.Streaming.AmortizeCPUToGPUCopy:0]]
[2020.12.12-15.59.36:758][  0]LogConfig: Setting CVar [[r.Streaming.MaxNumTexturesToStreamPerFrame:0]]
[2020.12.12-15.59.36:758][  0]LogConfig: Setting CVar [[r.Streaming.Boost:1]]
[2020.12.12-15.59.36:758][  0]LogConfig: Setting CVar [[r.MaxAnisotropy:8]]
[2020.12.12-15.59.36:758][  0]LogConfig: Setting CVar [[r.VT.MaxAnisotropy:8]]
[2020.12.12-15.59.36:758][  0]LogConfig: Setting CVar [[r.Streaming.LimitPoolSizeToVRAM:0]]
[2020.12.12-15.59.36:758][  0]LogConfig: Setting CVar [[r.Streaming.PoolSize:1000]]
[2020.12.12-15.59.36:758][  0]LogConfig: Setting CVar [[r.Streaming.MaxEffectiveScreenSize:0]]
[2020.12.12-15.59.36:758][  0]LogConfig: Applying CVar settings from Section [EffectsQuality@3] File [D:/Dokumenty/Studia/Programowanie/KulaDajeFula/Saved/Config/Windows/Scalability.ini]
[2020.12.12-15.59.36:758][  0]LogConfig: Setting CVar [[r.TranslucencyLightingVolumeDim:64]]
[2020.12.12-15.59.36:759][  0]LogConfig: Setting CVar [[r.RefractionQuality:2]]
[2020.12.12-15.59.36:759][  0]LogConfig: Setting CVar [[r.SSR.Quality:3]]
[2020.12.12-15.59.36:759][  0]LogConfig: Setting CVar [[r.SSR.HalfResSceneColor:0]]
[2020.12.12-15.59.36:759][  0]LogConfig: Setting CVar [[r.SceneColorFormat:4]]
[2020.12.12-15.59.36:759][  0]LogConfig: Setting CVar [[r.DetailMode:2]]
[2020.12.12-15.59.36:759][  0]LogConfig: Setting CVar [[r.TranslucencyVolumeBlur:1]]
[2020.12.12-15.59.36:759][  0]LogConfig: Setting CVar [[r.MaterialQualityLevel:1 ; High quality]]
[2020.12.12-15.59.36:759][  0]LogConfig: Setting CVar [[r.SSS.Scale:1]]
[2020.12.12-15.59.36:759][  0]LogConfig: Setting CVar [[r.SSS.SampleSet:2]]
[2020.12.12-15.59.36:759][  0]LogConfig: Setting CVar [[r.SSS.Quality:1]]
[2020.12.12-15.59.36:759][  0]LogConfig: Setting CVar [[r.SSS.HalfRes:0]]
[2020.12.12-15.59.36:759][  0]LogConfig: Setting CVar [[r.SSGI.Quality:3]]
[2020.12.12-15.59.36:759][  0]LogConfig: Setting CVar [[r.EmitterSpawnRateScale:1.0]]
[2020.12.12-15.59.36:759][  0]LogConfig: Setting CVar [[r.ParticleLightQuality:2]]
[2020.12.12-15.59.36:759][  0]LogConfig: Setting CVar [[r.SkyAtmosphere.AerialPerspectiveLUT.FastApplyOnOpaque:1 ; Always have FastSkyLUT 1 in this case to avoid wrong sky]]
[2020.12.12-15.59.36:759][  0]LogConfig: Setting CVar [[r.SkyAtmosphere.AerialPerspectiveLUT.SampleCountPerSlice:1]]
[2020.12.12-15.59.36:759][  0]LogConfig: Setting CVar [[r.SkyAtmosphere.AerialPerspectiveLUT.DepthResolution:16.0]]
[2020.12.12-15.59.36:759][  0]LogConfig: Setting CVar [[r.SkyAtmosphere.FastSkyLUT:1]]
[2020.12.12-15.59.36:759][  0]LogConfig: Setting CVar [[r.SkyAtmosphere.FastSkyLUT.SampleCountMin:4.0]]
[2020.12.12-15.59.36:759][  0]LogConfig: Setting CVar [[r.SkyAtmosphere.FastSkyLUT.SampleCountMax:32.0]]
[2020.12.12-15.59.36:759][  0]LogConfig: Setting CVar [[r.SkyAtmosphere.SampleCountMin:4.0]]
[2020.12.12-15.59.36:759][  0]LogConfig: Setting CVar [[r.SkyAtmosphere.SampleCountMax:32.0]]
[2020.12.12-15.59.36:759][  0]LogConfig: Setting CVar [[r.SkyAtmosphere.TransmittanceLUT.UseSmallFormat:0]]
[2020.12.12-15.59.36:759][  0]LogConfig: Setting CVar [[r.SkyAtmosphere.TransmittanceLUT.SampleCount:10.0]]
[2020.12.12-15.59.36:759][  0]LogConfig: Setting CVar [[r.SkyAtmosphere.MultiScatteringLUT.SampleCount:15.0]]
[2020.12.12-15.59.36:759][  0]LogConfig: Applying CVar settings from Section [FoliageQuality@3] File [D:/Dokumenty/Studia/Programowanie/KulaDajeFula/Saved/Config/Windows/Scalability.ini]
[2020.12.12-15.59.36:759][  0]LogConfig: Setting CVar [[foliage.DensityScale:1.0]]
[2020.12.12-15.59.36:759][  0]LogConfig: Setting CVar [[grass.DensityScale:1.0]]
[2020.12.12-15.59.36:759][  0]LogConfig: Applying CVar settings from Section [ShadingQuality@3] File [D:/Dokumenty/Studia/Programowanie/KulaDajeFula/Saved/Config/Windows/Scalability.ini]
[2020.12.12-15.59.36:759][  0]LogConfig: Setting CVar [[r.HairStrands.SkyLighting.SampleCount:16]]
[2020.12.12-15.59.36:759][  0]LogConfig: Setting CVar [[r.HairStrands.SkyLighting.JitterIntegration:0]]
[2020.12.12-15.59.36:759][  0]LogConfig: Setting CVar [[r.HairStrands.SkyAO.SampleCount:16]]
[2020.12.12-15.59.36:759][  0]LogConfig: Setting CVar [[r.HairStrands.DeepShadow.SuperSampling:0]]
[2020.12.12-15.59.36:759][  0]LogConfig: Setting CVar [[r.HairStrands.VisibilityPPLL:0]]
[2020.12.12-15.59.36:759][  0]LogConfig: Setting CVar [[r.HairStrands.RasterizationScale:0.5]]
[2020.12.12-15.59.36:759][  0]LogConfig: Setting CVar [[r.HairStrands.VelocityRasterizationScale:1]]
[2020.12.12-15.59.36:759][  0]LogInit: Selected Device Profile: [Windows]
[2020.12.12-15.59.36:759][  0]LogInit: Applying CVar settings loaded from the selected device profile: [Windows]
[2020.12.12-15.59.36:759][  0]LogHAL: Display: Platform has ~ 32 GB [34301427712 / 34359738368 / 32], which maps to Largest [LargestMinGB=32, LargerMinGB=12, DefaultMinGB=8, SmallerMinGB=6, SmallestMinGB=0)
[2020.12.12-15.59.36:759][  0]LogInit: Going up to parent DeviceProfile []
[2020.12.12-15.59.36:759][  0]LogConfig: Applying CVar settings from Section [ViewDistanceQuality@3] File [D:/Dokumenty/Studia/Programowanie/KulaDajeFula/Saved/Config/Windows/Scalability.ini]
[2020.12.12-15.59.36:759][  0]LogConfig: Setting CVar [[r.SkeletalMeshLODBias:0]]
[2020.12.12-15.59.36:759][  0]LogConfig: Setting CVar [[r.ViewDistanceScale:1.0]]
[2020.12.12-15.59.36:759][  0]LogConfig: Applying CVar settings from Section [AntiAliasingQuality@3] File [D:/Dokumenty/Studia/Programowanie/KulaDajeFula/Saved/Config/Windows/Scalability.ini]
[2020.12.12-15.59.36:759][  0]LogConfig: Setting CVar [[r.PostProcessAAQuality:4]]
[2020.12.12-15.59.36:759][  0]LogConfig: Applying CVar settings from Section [ShadowQuality@3] File [D:/Dokumenty/Studia/Programowanie/KulaDajeFula/Saved/Config/Windows/Scalability.ini]
[2020.12.12-15.59.36:759][  0]LogConfig: Setting CVar [[r.LightFunctionQuality:1]]
[2020.12.12-15.59.36:759][  0]LogConfig: Setting CVar [[r.ShadowQuality:5]]
[2020.12.12-15.59.36:759][  0]LogConfig: Setting CVar [[r.Shadow.CSM.MaxCascades:10]]
[2020.12.12-15.59.36:759][  0]LogConfig: Setting CVar [[r.Shadow.MaxResolution:2048]]
[2020.12.12-15.59.36:759][  0]LogConfig: Setting CVar [[r.Shadow.MaxCSMResolution:2048]]
[2020.12.12-15.59.36:759][  0]LogConfig: Setting CVar [[r.Shadow.RadiusThreshold:0.01]]
[2020.12.12-15.59.36:759][  0]LogConfig: Setting CVar [[r.Shadow.DistanceScale:1.0]]
[2020.12.12-15.59.36:759][  0]LogConfig: Setting CVar [[r.Shadow.CSM.TransitionScale:1.0]]
[2020.12.12-15.59.36:759][  0]LogConfig: Setting CVar [[r.Shadow.PreShadowResolutionFactor:1.0]]
[2020.12.12-15.59.36:759][  0]LogConfig: Setting CVar [[r.DistanceFieldShadowing:1]]
[2020.12.12-15.59.36:759][  0]LogConfig: Setting CVar [[r.DistanceFieldAO:1]]
[2020.12.12-15.59.36:759][  0]LogConfig: Setting CVar [[r.AOQuality:2]]
[2020.12.12-15.59.36:759][  0]LogConfig: Setting CVar [[r.VolumetricFog:1]]
[2020.12.12-15.59.36:759][  0]LogConfig: Setting CVar [[r.VolumetricFog.GridPixelSize:8]]
[2020.12.12-15.59.36:759][  0]LogConfig: Setting CVar [[r.VolumetricFog.GridSizeZ:128]]
[2020.12.12-15.59.36:759][  0]LogConfig: Setting CVar [[r.VolumetricFog.HistoryMissSupersampleCount:4]]
[2020.12.12-15.59.36:759][  0]LogConfig: Setting CVar [[r.LightMaxDrawDistanceScale:1]]
[2020.12.12-15.59.36:759][  0]LogConfig: Setting CVar [[r.CapsuleShadows:1]]
[2020.12.12-15.59.36:759][  0]LogConfig: Applying CVar settings from Section [PostProcessQuality@3] File [D:/Dokumenty/Studia/Programowanie/KulaDajeFula/Saved/Config/Windows/Scalability.ini]
[2020.12.12-15.59.36:759][  0]LogConfig: Setting CVar [[r.MotionBlurQuality:4]]
[2020.12.12-15.59.36:759][  0]LogConfig: Setting CVar [[r.AmbientOcclusionMipLevelFactor:0.4]]
[2020.12.12-15.59.36:759][  0]LogConfig: Setting CVar [[r.AmbientOcclusionMaxQuality:100]]
[2020.12.12-15.59.36:759][  0]LogConfig: Setting CVar [[r.AmbientOcclusionLevels:-1]]
[2020.12.12-15.59.36:759][  0]LogConfig: Setting CVar [[r.AmbientOcclusionRadiusScale:1.0]]
[2020.12.12-15.59.36:759][  0]LogConfig: Setting CVar [[r.DepthOfFieldQuality:2]]
[2020.12.12-15.59.36:759][  0]LogConfig: Setting CVar [[r.RenderTargetPoolMin:400]]
[2020.12.12-15.59.36:759][  0]LogConfig: Setting CVar [[r.LensFlareQuality:2]]
[2020.12.12-15.59.36:759][  0]LogConfig: Setting CVar [[r.SceneColorFringeQuality:1]]
[2020.12.12-15.59.36:759][  0]LogConfig: Setting CVar [[r.EyeAdaptationQuality:2]]
[2020.12.12-15.59.36:759][  0]LogConfig: Setting CVar [[r.BloomQuality:5]]
[2020.12.12-15.59.36:759][  0]LogConfig: Setting CVar [[r.FastBlurThreshold:100]]
[2020.12.12-15.59.36:759][  0]LogConfig: Setting CVar [[r.Upscale.Quality:3]]
[2020.12.12-15.59.36:759][  0]LogConfig: Setting CVar [[r.Tonemapper.GrainQuantization:1]]
[2020.12.12-15.59.36:759][  0]LogConfig: Setting CVar [[r.LightShaftQuality:1]]
[2020.12.12-15.59.36:759][  0]LogConfig: Setting CVar [[r.Filter.SizeScale:1]]
[2020.12.12-15.59.36:759][  0]LogConfig: Setting CVar [[r.Tonemapper.Quality:5]]
[2020.12.12-15.59.36:759][  0]LogConfig: Setting CVar [[r.DOF.Gather.AccumulatorQuality:1        ; higher gathering accumulator quality]]
[2020.12.12-15.59.36:759][  0]LogConfig: Setting CVar [[r.DOF.Gather.PostfilterMethod:1          ; Median3x3 postfilering method]]
[2020.12.12-15.59.36:759][  0]LogConfig: Setting CVar [[r.DOF.Gather.EnableBokehSettings:0       ; no bokeh simulation when gathering]]
[2020.12.12-15.59.36:759][  0]LogConfig: Setting CVar [[r.DOF.Gather.RingCount:4                 ; medium number of samples when gathering]]
[2020.12.12-15.59.36:759][  0]LogConfig: Setting CVar [[r.DOF.Scatter.ForegroundCompositing:1    ; additive foreground scattering]]
[2020.12.12-15.59.36:759][  0]LogConfig: Setting CVar [[r.DOF.Scatter.BackgroundCompositing:2    ; additive background scattering]]
[2020.12.12-15.59.36:759][  0]LogConfig: Setting CVar [[r.DOF.Scatter.EnableBokehSettings:1      ; bokeh simulation when scattering]]
[2020.12.12-15.59.36:759][  0]LogConfig: Setting CVar [[r.DOF.Scatter.MaxSpriteRatio:0.1         ; only a maximum of 10% of scattered bokeh]]
[2020.12.12-15.59.36:759][  0]LogConfig: Setting CVar [[r.DOF.Recombine.Quality:1                ; cheap slight out of focus]]
[2020.12.12-15.59.36:759][  0]LogConfig: Setting CVar [[r.DOF.Recombine.EnableBokehSettings:0    ; no bokeh simulation on slight out of focus]]
[2020.12.12-15.59.36:759][  0]LogConfig: Setting CVar [[r.DOF.TemporalAAQuality:1                ; more stable temporal accumulation]]
[2020.12.12-15.59.36:760][  0]LogConfig: Setting CVar [[r.DOF.Kernel.MaxForegroundRadius:0.025]]
[2020.12.12-15.59.36:760][  0]LogConfig: Setting CVar [[r.DOF.Kernel.MaxBackgroundRadius:0.025]]
[2020.12.12-15.59.36:760][  0]LogConfig: Applying CVar settings from Section [TextureQuality@3] File [D:/Dokumenty/Studia/Programowanie/KulaDajeFula/Saved/Config/Windows/Scalability.ini]
[2020.12.12-15.59.36:760][  0]LogConfig: Setting CVar [[r.Streaming.MipBias:0]]
[2020.12.12-15.59.36:760][  0]LogConfig: Setting CVar [[r.Streaming.AmortizeCPUToGPUCopy:0]]
[2020.12.12-15.59.36:760][  0]LogConfig: Setting CVar [[r.Streaming.MaxNumTexturesToStreamPerFrame:0]]
[2020.12.12-15.59.36:760][  0]LogConfig: Setting CVar [[r.Streaming.Boost:1]]
[2020.12.12-15.59.36:760][  0]LogConfig: Setting CVar [[r.MaxAnisotropy:8]]
[2020.12.12-15.59.36:760][  0]LogConfig: Setting CVar [[r.VT.MaxAnisotropy:8]]
[2020.12.12-15.59.36:760][  0]LogConfig: Setting CVar [[r.Streaming.LimitPoolSizeToVRAM:0]]
[2020.12.12-15.59.36:760][  0]LogConfig: Setting CVar [[r.Streaming.PoolSize:1000]]
[2020.12.12-15.59.36:760][  0]LogConfig: Setting CVar [[r.Streaming.MaxEffectiveScreenSize:0]]
[2020.12.12-15.59.36:760][  0]LogConfig: Applying CVar settings from Section [EffectsQuality@3] File [D:/Dokumenty/Studia/Programowanie/KulaDajeFula/Saved/Config/Windows/Scalability.ini]
[2020.12.12-15.59.36:760][  0]LogConfig: Setting CVar [[r.TranslucencyLightingVolumeDim:64]]
[2020.12.12-15.59.36:760][  0]LogConfig: Setting CVar [[r.RefractionQuality:2]]
[2020.12.12-15.59.36:760][  0]LogConfig: Setting CVar [[r.SSR.Quality:3]]
[2020.12.12-15.59.36:760][  0]LogConfig: Setting CVar [[r.SSR.HalfResSceneColor:0]]
[2020.12.12-15.59.36:760][  0]LogConfig: Setting CVar [[r.SceneColorFormat:4]]
[2020.12.12-15.59.36:760][  0]LogConfig: Setting CVar [[r.DetailMode:2]]
[2020.12.12-15.59.36:760][  0]LogConfig: Setting CVar [[r.TranslucencyVolumeBlur:1]]
[2020.12.12-15.59.36:760][  0]LogConfig: Setting CVar [[r.MaterialQualityLevel:1 ; High quality]]
[2020.12.12-15.59.36:760][  0]LogConfig: Setting CVar [[r.SSS.Scale:1]]
[2020.12.12-15.59.36:760][  0]LogConfig: Setting CVar [[r.SSS.SampleSet:2]]
[2020.12.12-15.59.36:760][  0]LogConfig: Setting CVar [[r.SSS.Quality:1]]
[2020.12.12-15.59.36:760][  0]LogConfig: Setting CVar [[r.SSS.HalfRes:0]]
[2020.12.12-15.59.36:760][  0]LogConfig: Setting CVar [[r.SSGI.Quality:3]]
[2020.12.12-15.59.36:760][  0]LogConfig: Setting CVar [[r.EmitterSpawnRateScale:1.0]]
[2020.12.12-15.59.36:760][  0]LogConfig: Setting CVar [[r.ParticleLightQuality:2]]
[2020.12.12-15.59.36:760][  0]LogConfig: Setting CVar [[r.SkyAtmosphere.AerialPerspectiveLUT.FastApplyOnOpaque:1 ; Always have FastSkyLUT 1 in this case to avoid wrong sky]]
[2020.12.12-15.59.36:760][  0]LogConfig: Setting CVar [[r.SkyAtmosphere.AerialPerspectiveLUT.SampleCountPerSlice:1]]
[2020.12.12-15.59.36:760][  0]LogConfig: Setting CVar [[r.SkyAtmosphere.AerialPerspectiveLUT.DepthResolution:16.0]]
[2020.12.12-15.59.36:760][  0]LogConfig: Setting CVar [[r.SkyAtmosphere.FastSkyLUT:1]]
[2020.12.12-15.59.36:760][  0]LogConfig: Setting CVar [[r.SkyAtmosphere.FastSkyLUT.SampleCountMin:4.0]]
[2020.12.12-15.59.36:760][  0]LogConfig: Setting CVar [[r.SkyAtmosphere.FastSkyLUT.SampleCountMax:32.0]]
[2020.12.12-15.59.36:760][  0]LogConfig: Setting CVar [[r.SkyAtmosphere.SampleCountMin:4.0]]
[2020.12.12-15.59.36:760][  0]LogConfig: Setting CVar [[r.SkyAtmosphere.SampleCountMax:32.0]]
[2020.12.12-15.59.36:760][  0]LogConfig: Setting CVar [[r.SkyAtmosphere.TransmittanceLUT.UseSmallFormat:0]]
[2020.12.12-15.59.36:760][  0]LogConfig: Setting CVar [[r.SkyAtmosphere.TransmittanceLUT.SampleCount:10.0]]
[2020.12.12-15.59.36:760][  0]LogConfig: Setting CVar [[r.SkyAtmosphere.MultiScatteringLUT.SampleCount:15.0]]
[2020.12.12-15.59.36:760][  0]LogConfig: Applying CVar settings from Section [FoliageQuality@3] File [D:/Dokumenty/Studia/Programowanie/KulaDajeFula/Saved/Config/Windows/Scalability.ini]
[2020.12.12-15.59.36:760][  0]LogConfig: Setting CVar [[foliage.DensityScale:1.0]]
[2020.12.12-15.59.36:760][  0]LogConfig: Setting CVar [[grass.DensityScale:1.0]]
[2020.12.12-15.59.36:760][  0]LogConfig: Applying CVar settings from Section [ShadingQuality@3] File [D:/Dokumenty/Studia/Programowanie/KulaDajeFula/Saved/Config/Windows/Scalability.ini]
[2020.12.12-15.59.36:760][  0]LogConfig: Setting CVar [[r.HairStrands.SkyLighting.SampleCount:16]]
[2020.12.12-15.59.36:760][  0]LogConfig: Setting CVar [[r.HairStrands.SkyLighting.JitterIntegration:0]]
[2020.12.12-15.59.36:760][  0]LogConfig: Setting CVar [[r.HairStrands.SkyAO.SampleCount:16]]
[2020.12.12-15.59.36:760][  0]LogConfig: Setting CVar [[r.HairStrands.DeepShadow.SuperSampling:0]]
[2020.12.12-15.59.36:760][  0]LogConfig: Setting CVar [[r.HairStrands.VisibilityPPLL:0]]
[2020.12.12-15.59.36:760][  0]LogConfig: Setting CVar [[r.HairStrands.RasterizationScale:0.5]]
[2020.12.12-15.59.36:760][  0]LogConfig: Setting CVar [[r.HairStrands.VelocityRasterizationScale:1]]
[2020.12.12-15.59.36:760][  0]LogConfig: Applying CVar settings from Section [Startup] File [../../../Engine/Config/ConsoleVariables.ini]
[2020.12.12-15.59.36:760][  0]LogConfig: Setting CVar [[net.UseAdaptiveNetUpdateFrequency:0]]
[2020.12.12-15.59.36:760][  0]LogConfig: Setting CVar [[p.chaos.AllowCreatePhysxBodies:1]]
[2020.12.12-15.59.36:760][  0]LogConfig: Setting CVar [[fx.SkipVectorVMBackendOptimizations:1]]
[2020.12.12-15.59.36:760][  0]LogConfig: Applying CVar settings from Section [ConsoleVariables] File [D:/Dokumenty/Studia/Programowanie/KulaDajeFula/Saved/Config/Windows/Engine.ini]
[2020.12.12-15.59.36:760][  0]LogInit: Computer: DESKTOP-4UM4AFM
[2020.12.12-15.59.36:760][  0]LogInit: User: Stwor
[2020.12.12-15.59.36:760][  0]LogInit: CPU Page size=4096, Cores=8
[2020.12.12-15.59.36:760][  0]LogInit: High frequency timer resolution =10.000000 MHz
[2020.12.12-15.59.36:760][  0]LogMemory: Memory total: Physical=31.9GB (32GB approx)
[2020.12.12-15.59.36:760][  0]LogMemory: Platform Memory Stats for Windows
[2020.12.12-15.59.36:760][  0]LogMemory: Process Physical Memory: 115.41 MB used, 115.41 MB peak
[2020.12.12-15.59.36:760][  0]LogMemory: Process Virtual Memory: 98.07 MB used, 98.07 MB peak
[2020.12.12-15.59.36:760][  0]LogMemory: Physical Memory: 7875.39 MB used,  24837.00 MB free, 32712.39 MB total
[2020.12.12-15.59.36:760][  0]LogMemory: Virtual Memory: 5186.74 MB used,  134212544.00 MB free, 134217728.00 MB total
[2020.12.12-15.59.36:765][  0]LogWindows: WindowsPlatformFeatures enabled
[2020.12.12-15.59.36:799][  0]LogInit: Physics initialised using underlying interface: PhysX
[2020.12.12-15.59.36:800][  0]LogInit: Using OS detected language (pl-PL).
[2020.12.12-15.59.36:800][  0]LogInit: Using OS detected locale (pl-PL).
[2020.12.12-15.59.36:802][  0]LogTextLocalizationManager: No specific localization for 'pl-PL' exists, so the 'pl' localization will be used.
[2020.12.12-15.59.36:802][  0]LogTextLocalizationResource: LocRes '../../../Engine/Content/Localization/Editor/pl/Editor.locres' could not be opened for reading!
[2020.12.12-15.59.36:802][  0]LogTextLocalizationResource: LocRes '../../../Engine/Content/Localization/EditorTutorials/pl/EditorTutorials.locres' could not be opened for reading!
[2020.12.12-15.59.36:802][  0]LogTextLocalizationResource: LocRes '../../../Engine/Content/Localization/Keywords/pl/Keywords.locres' could not be opened for reading!
[2020.12.12-15.59.36:802][  0]LogTextLocalizationResource: LocRes '../../../Engine/Content/Localization/Category/pl/Category.locres' could not be opened for reading!
[2020.12.12-15.59.36:802][  0]LogTextLocalizationResource: LocRes '../../../Engine/Content/Localization/ToolTips/pl/ToolTips.locres' could not be opened for reading!
[2020.12.12-15.59.36:802][  0]LogTextLocalizationResource: LocRes '../../../Engine/Content/Localization/PropertyNames/pl/PropertyNames.locres' could not be opened for reading!
[2020.12.12-15.59.36:803][  0]LogTextLocalizationResource: LocRes '../../../Engine/Content/Localization/Engine/pl/Engine.locres' could not be opened for reading!
[2020.12.12-15.59.36:803][  0]LogInit: Setting process to per monitor DPI aware
[2020.12.12-15.59.36:829][  0]LogSlate: New Slate User Created.  User Index 0, Is Virtual User: 0
[2020.12.12-15.59.36:829][  0]LogSlate: Slate User Registered.  User Index 0, Is Virtual User: 0
[2020.12.12-15.59.36:926][  0]LogHMD: Failed to initialize OpenVR with code 110
[2020.12.12-15.59.36:926][  0]LogD3D11RHI: D3D11 min allowed feature level: 11_0
[2020.12.12-15.59.36:927][  0]LogD3D11RHI: D3D11 max allowed feature level: 11_0
[2020.12.12-15.59.36:927][  0]LogD3D11RHI: D3D11 adapters:
[2020.12.12-15.59.37:009][  0]LogD3D11RHI:    0. 'NVIDIA GeForce RTX 2070 SUPER' (Feature Level 11_0)
[2020.12.12-15.59.37:009][  0]LogD3D11RHI:       8011/0/16356 MB DedicatedVideo/DedicatedSystem/SharedSystem, Outputs:1, VendorId:0x10de
[2020.12.12-15.59.37:011][  0]LogD3D11RHI:    1. 'Microsoft Basic Render Driver' (Feature Level 11_0)
[2020.12.12-15.59.37:011][  0]LogD3D11RHI:       0/0/16356 MB DedicatedVideo/DedicatedSystem/SharedSystem, Outputs:0, VendorId:0x1414
[2020.12.12-15.59.37:011][  0]LogD3D11RHI: Chosen D3D11 Adapter: 0
[2020.12.12-15.59.37:017][  0]LogD3D11RHI: Creating new Direct3DDevice
[2020.12.12-15.59.37:017][  0]LogD3D11RHI:     GPU DeviceId: 0x1e84 (for the marketing name, search the web for "GPU Device Id")
[2020.12.12-15.59.37:017][  0]LogWindows: EnumDisplayDevices:
[2020.12.12-15.59.37:017][  0]LogWindows:    0. 'NVIDIA GeForce RTX 2070 SUPER' (P:1 D:1)
[2020.12.12-15.59.37:017][  0]LogWindows:    1. 'NVIDIA GeForce RTX 2070 SUPER' (P:0 D:0)
[2020.12.12-15.59.37:017][  0]LogWindows:    2. 'NVIDIA GeForce RTX 2070 SUPER' (P:0 D:0)
[2020.12.12-15.59.37:018][  0]LogWindows:    3. 'NVIDIA GeForce RTX 2070 SUPER' (P:0 D:0)
[2020.12.12-15.59.37:018][  0]LogWindows: DebugString: FoundDriverCount:4 
[2020.12.12-15.59.37:018][  0]LogD3D11RHI:     Adapter Name: NVIDIA GeForce RTX 2070 SUPER
[2020.12.12-15.59.37:018][  0]LogD3D11RHI:   Driver Version: 457.51 (internal:27.21.14.5751, unified:457.51)
[2020.12.12-15.59.37:018][  0]LogD3D11RHI:      Driver Date: 11-22-2020
[2020.12.12-15.59.37:018][  0]LogRHI: Texture pool is 5607 MB (70% of 8011 MB)
[2020.12.12-15.59.37:067][  0]LogD3D11RHI: RHI has support for 64 bit atomics
[2020.12.12-15.59.37:068][  0]LogD3D11RHI: [Aftermath] Enabled and primed
[2020.12.12-15.59.37:068][  0]LogD3D11RHI: Async texture creation enabled
[2020.12.12-15.59.37:068][  0]LogD3D11RHI: Array index from any shader is supported
[2020.12.12-15.59.37:081][  0]LogD3D11RHI: GPU Timing Frequency: 1000.000000 (Debug: 2 1)
[2020.12.12-15.59.37:289][  0]LogTargetPlatformManager: Display: Loaded TargetPlatform 'AllDesktop'
[2020.12.12-15.59.37:308][  0]LogTargetPlatformManager: Display: Loaded TargetPlatform 'Android'
[2020.12.12-15.59.37:308][  0]LogTargetPlatformManager: Display: Loaded TargetPlatform 'Android_ASTC'
[2020.12.12-15.59.37:308][  0]LogTargetPlatformManager: Display: Loaded TargetPlatform 'Android_DXT'
[2020.12.12-15.59.37:308][  0]LogTargetPlatformManager: Display: Loaded TargetPlatform 'Android_ETC2'
[2020.12.12-15.59.37:308][  0]LogTargetPlatformManager: Display: Loaded TargetPlatform 'AndroidClient'
[2020.12.12-15.59.37:308][  0]LogTargetPlatformManager: Display: Loaded TargetPlatform 'Android_ASTCClient'
[2020.12.12-15.59.37:308][  0]LogTargetPlatformManager: Display: Loaded TargetPlatform 'Android_DXTClient'
[2020.12.12-15.59.37:308][  0]LogTargetPlatformManager: Display: Loaded TargetPlatform 'Android_ETC2Client'
[2020.12.12-15.59.37:308][  0]LogTargetPlatformManager: Display: Loaded TargetPlatform 'Android_Multi'
[2020.12.12-15.59.37:308][  0]LogTargetPlatformManager: Display: Loaded TargetPlatform 'Android_MultiClient'
[2020.12.12-15.59.37:328][  0]LogTargetPlatformManager: Display: Loaded TargetPlatform 'IOSClient'
[2020.12.12-15.59.37:328][  0]LogTargetPlatformManager: Display: Loaded TargetPlatform 'IOS'
[2020.12.12-15.59.37:336][  0]LogTargetPlatformManager: Display: Loaded TargetPlatform 'Linux'
[2020.12.12-15.59.37:344][  0]LogTargetPlatformManager: Display: Loaded TargetPlatform 'LinuxNoEditor'
[2020.12.12-15.59.37:351][  0]LogTargetPlatformManager: Display: Loaded TargetPlatform 'LinuxClient'
[2020.12.12-15.59.37:358][  0]LogTargetPlatformManager: Display: Loaded TargetPlatform 'LinuxServer'
[2020.12.12-15.59.37:366][  0]LogTargetPlatformManager: Display: Loaded TargetPlatform 'LinuxAArch64NoEditor'
[2020.12.12-15.59.37:373][  0]LogTargetPlatformManager: Display: Loaded TargetPlatform 'LinuxAArch64Client'
[2020.12.12-15.59.37:381][  0]LogTargetPlatformManager: Display: Loaded TargetPlatform 'LinuxAArch64Server'
[2020.12.12-15.59.37:403][  0]LogTargetPlatformManager: Display: Loaded TargetPlatform 'Lumin'
[2020.12.12-15.59.37:403][  0]LogTargetPlatformManager: Display: Loaded TargetPlatform 'LuminClient'
[2020.12.12-15.59.37:416][  0]LogTargetPlatformManager: Display: Loaded TargetPlatform 'TVOSClient'
[2020.12.12-15.59.37:416][  0]LogTargetPlatformManager: Display: Loaded TargetPlatform 'TVOS'
[2020.12.12-15.59.37:424][  0]LogTargetPlatformManager: Display: Loaded TargetPlatform 'WindowsNoEditor'
[2020.12.12-15.59.37:431][  0]LogTargetPlatformManager: Display: Loaded TargetPlatform 'Windows'
[2020.12.12-15.59.37:439][  0]LogTargetPlatformManager: Display: Loaded TargetPlatform 'WindowsClient'
[2020.12.12-15.59.37:447][  0]LogTargetPlatformManager: Display: Loaded TargetPlatform 'WindowsServer'
[2020.12.12-15.59.37:447][  0]LogTargetPlatformManager: Display: Building Assets For Windows
[2020.12.12-15.59.37:452][  0]LogAudioDebug: Display: Lib vorbis DLL was dynamically loaded.
[2020.12.12-15.59.37:494][  0]LogShaderCompilers: Guid format shader working directory is -16 characters bigger than the processId version (../../../../../../Dokumenty/Studia/Programowanie/KulaDajeFula/Intermediate/Shaders/WorkingDirectory/16820/).
[2020.12.12-15.59.37:494][  0]LogShaderCompilers: Cleaned the shader compiler working directory 'C:/Users/Stwor/AppData/Local/Temp/UnrealShaderWorkingDir/5C26AE4C49F12BD93CC5588E5AA4948F/'.
[2020.12.12-15.59.37:495][  0]LogXGEController: Cannot use XGE Controller as Incredibuild is not installed on this machine.
[2020.12.12-15.59.37:495][  0]LogShaderCompilers: Cannot use XGE Shader Compiler as Incredibuild is not installed on this machine.
[2020.12.12-15.59.37:495][  0]LogShaderCompilers: Display: Using Local Shader Compiler.
[2020.12.12-15.59.38:116][  0]LogDerivedDataCache: Display: Max Cache Size: 512 MB
[2020.12.12-15.59.38:154][  0]LogDerivedDataCache: Loaded boot cache 0.04s 75MB C:/Users/Stwor/AppData/Local/UnrealEngine/4.25/DerivedDataCache/Boot.ddc.
[2020.12.12-15.59.38:154][  0]LogDerivedDataCache: Display: Loaded Boot cache: C:/Users/Stwor/AppData/Local/UnrealEngine/4.25/DerivedDataCache/Boot.ddc
[2020.12.12-15.59.38:154][  0]LogDerivedDataCache: FDerivedDataBackendGraph:  Pak pak cache file ../../../../../../Dokumenty/Studia/Programowanie/KulaDajeFula/DerivedDataCache/DDC.ddp not found, will not use a pak cache.
[2020.12.12-15.59.38:154][  0]LogDerivedDataCache: Unable to find inner node Pak for hierarchical cache Hierarchy.
[2020.12.12-15.59.38:154][  0]LogDerivedDataCache: FDerivedDataBackendGraph:  CompressedPak pak cache file ../../../../../../Dokumenty/Studia/Programowanie/KulaDajeFula/DerivedDataCache/Compressed.ddp not found, will not use a pak cache.
[2020.12.12-15.59.38:154][  0]LogDerivedDataCache: Unable to find inner node CompressedPak for hierarchical cache Hierarchy.
[2020.12.12-15.59.38:164][  0]LogDerivedDataCache: Display: Pak cache opened for reading ../../../Engine/DerivedDataCache/Compressed.ddp.
[2020.12.12-15.59.38:164][  0]LogDerivedDataCache: FDerivedDataBackendGraph:  EnterprisePak pak cache file ../../../Enterprise/DerivedDataCache/Compressed.ddp not found, will not use a pak cache.
[2020.12.12-15.59.38:164][  0]LogDerivedDataCache: Unable to find inner node EnterprisePak for hierarchical cache Hierarchy.
[2020.12.12-15.59.38:165][  0]LogDerivedDataCache: Using Local data cache path C:/Users/Stwor/AppData/Local/UnrealEngine/Common/DerivedDataCache: Writable
[2020.12.12-15.59.38:165][  0]LogDerivedDataCache: Shared data cache path not found in *engine.ini, will not use an Shared cache.
[2020.12.12-15.59.38:165][  0]LogDerivedDataCache: Unable to find inner node Shared for hierarchical cache Hierarchy.
[2020.12.12-15.59.38:206][  0]LogSlate: Using FreeType 2.10.0
[2020.12.12-15.59.38:207][  0]LogSlate: SlateFontServices - WITH_FREETYPE: 1, WITH_HARFBUZZ: 1
[2020.12.12-15.59.38:226][  0]LogAssetRegistry: FAssetRegistry took 0.0024 seconds to start up
[2020.12.12-15.59.38:427][  0]LogInit: Selected Device Profile: [Windows]
[2020.12.12-15.59.38:512][  0]LogMeshReduction: Using QuadricMeshReduction for automatic static mesh reduction
[2020.12.12-15.59.38:512][  0]LogMeshReduction: Using SimplygonMeshReduction for automatic skeletal mesh reduction
[2020.12.12-15.59.38:512][  0]LogMeshReduction: Using ProxyLODMeshReduction for automatic mesh merging
[2020.12.12-15.59.38:512][  0]LogMeshReduction: No distributed automatic mesh merging module available
[2020.12.12-15.59.38:512][  0]LogMeshMerging: No distributed automatic mesh merging module available
[2020.12.12-15.59.38:523][  0]LogNetVersion: KulaDajeFula 1.0.0, NetCL: 13144385, EngineNetVer: 14, GameNetVer: 0 (Checksum: 2401993086)
[2020.12.12-15.59.38:832][  0]LogAISub: UAISubsystem::UAISubsystem AISubsystem (000002022ACCD980), frame # 0
[2020.12.12-15.59.38:832][  0]LogAISub: UAISubsystem::UAISubsystem AIPerceptionSystem (000002022AC1EAC0), frame # 0
[2020.12.12-15.59.38:834][  0]LogAISub: UAISubsystem::UAISubsystem EnvQueryManager (000002022AC79E00), frame # 0
[2020.12.12-15.59.38:872][  0]LogPackageLocalizationCache: Processed 19 localized package path(s) for 1 prioritized culture(s) in 0.033159 seconds
[2020.12.12-15.59.38:876][  0]LogUObjectArray: 15917 objects as part of root set at end of initial load.
[2020.12.12-15.59.38:877][  0]LogUObjectAllocator: 3965568 out of 0 bytes used by permanent object pool.
[2020.12.12-15.59.38:877][  0]LogUObjectArray: CloseDisregardForGC: 0/0 objects in disregard for GC pool
[2020.12.12-15.59.39:137][  0]LogTcpMessaging: Initializing TcpMessaging bridge
[2020.12.12-15.59.39:141][  0]LogUdpMessaging: Initializing bridge on interface 0.0.0.0:0 to multicast group 230.0.0.1:6666.
[2020.12.12-15.59.39:174][  0]LogLinker: Warning: Failed to load '/Game/VehicleAdvBP/AdvancedVehicleOverview': Can't find file.
[2020.12.12-15.59.39:175][  0]LogLinker: Warning: Failed to load '/Game/VehicleAdvBP/AdvancedVehicleOverview': Can't find file.
[2020.12.12-15.59.39:175][  0]LogUObjectGlobals: Warning: Failed to find object 'Class /Game/VehicleAdvBP/AdvancedVehicleOverview.AdvancedVehicleOverview_C'
[2020.12.12-15.59.39:202][  0]SourceControl: Source control is disabled
[2020.12.12-15.59.39:202][  0]SourceControl: Source control is disabled
[2020.12.12-15.59.39:204][  0]SourceControl: Source control is disabled
[2020.12.12-15.59.39:206][  0]SourceControl: Source control is disabled
[2020.12.12-15.59.39:211][  0]SourceControl: Source control is disabled
[2020.12.12-15.59.39:395][  0]LogAndroidPermission: UAndroidPermissionCallbackProxy::GetInstance
[2020.12.12-15.59.39:417][  0]LogAudioCaptureCore: Display: No Audio Capture implementations found. Audio input will be silent.
[2020.12.12-15.59.39:417][  0]LogAudioCaptureCore: Display: No Audio Capture implementations found. Audio input will be silent.
[2020.12.12-15.59.39:463][  0]LogOcInput: OculusInput pre-init called
[2020.12.12-15.59.39:472][  0]LogWindows: Failed to load 'OVRPlugin.dll' (GetLastError=126)
[2020.12.12-15.59.39:472][  0]LogWindows: File 'OVRPlugin.dll' does not exist
[2020.12.12-15.59.39:528][  0]LogEngine: Initializing Engine...
[2020.12.12-15.59.39:529][  0]LogHMD: Failed to initialize OpenVR with code 110
[2020.12.12-15.59.39:529][  0]LogMagicLeap: Warning: VR disabled because ZI is not enabled.  To enable, in the editor, Edit -> Project Settings -> Plugins -> Magic Leap Plugin -> Enable Zero Iteration
[2020.12.12-15.59.39:530][  0]LogStats: UGameplayTagsManager::InitializeManager -  0.000 s
[2020.12.12-15.59.39:613][  0]LogInit: Initializing FReadOnlyCVARCache
[2020.12.12-15.59.39:619][  0]LogAIModule: Creating AISystem for world Untitled
[2020.12.12-15.59.39:619][  0]LogAISub: UAISubsystem::UAISubsystem EnvQueryManager (00000202323F4600), frame # 0
[2020.12.12-15.59.39:619][  0]LogAISub: UAISubsystem::UAISubsystem AIPerceptionSystem (0000020232411800), frame # 0
[2020.12.12-15.59.39:632][  0]LogAudioMixer: Display: Audio Mixer Platform Settings:
[2020.12.12-15.59.39:632][  0]LogAudioMixer: Display: 	Sample Rate:						  48000
[2020.12.12-15.59.39:633][  0]LogAudioMixer: Display: 	Callback Buffer Frame Size Requested: 1024
[2020.12.12-15.59.39:633][  0]LogAudioMixer: Display: 	Callback Buffer Frame Size To Use:	  1024
[2020.12.12-15.59.39:633][  0]LogAudioMixer: Display: 	Number of buffers to queue:			  2
[2020.12.12-15.59.39:633][  0]LogAudioMixer: Display: 	Max Channels (voices):				  32
[2020.12.12-15.59.39:633][  0]LogAudioMixer: Display: 	Number of Async Source Workers:		  0
[2020.12.12-15.59.39:633][  0]LogAudio: Display: AudioDevice MaxSources: 32
[2020.12.12-15.59.39:633][  0]LogAudio: Display: Using built-in audio occlusion.
[2020.12.12-15.59.39:633][  0]LogAudioMixer: Display: Initializing audio mixer.
[2020.12.12-15.59.39:643][  0]LogAudioMixer: Display: 0: FrontLeft
[2020.12.12-15.59.39:643][  0]LogAudioMixer: Display: 1: FrontRight
[2020.12.12-15.59.39:678][  0]LogAudioMixer: Display: Using Audio Device Głośniki (Realtek(R) Audio)
[2020.12.12-15.59.39:679][  0]LogAudioMixer: Display: Initializing Sound Submixes...
[2020.12.12-15.59.39:681][  0]LogAudioMixer: Display: Creating Master Submix 'MasterSubmixDefault'
[2020.12.12-15.59.39:681][  0]LogAudioMixer: Display: Creating Master Submix 'MasterReverbSubmixDefault'
[2020.12.12-15.59.39:682][  0]LogAudioMixer: Display: Creating Master Submix 'MasterEQSubmixDefault'
[2020.12.12-15.59.39:682][  0]LogInit: FAudioDevice initialized.
[2020.12.12-15.59.39:682][  0]LogNetVersion: Set ProjectVersion to 1.0.0.0. Version Checksum will be recalculated on next use.
[2020.12.12-15.59.39:733][  0]LogDerivedDataCache: Saved boot cache 0.05s 75MB C:/Users/Stwor/AppData/Local/UnrealEngine/4.25/DerivedDataCache/Boot.ddc.
[2020.12.12-15.59.39:737][  0]LogInit: Texture streaming: Enabled
[2020.12.12-15.59.39:749][  0]LogEngineSessionManager: EngineSessionManager initialized
[2020.12.12-15.59.39:749][  0]LogEditorSessionSummary: Verbose: Initializing EditorSessionSummaryWriter for editor session tracking
[2020.12.12-15.59.39:750][  0]LogEditorSessionSummary: EditorSessionSummaryWriter initialized
[2020.12.12-15.59.39:791][  0]LogInit: Transaction tracking system initialized
[2020.12.12-15.59.39:808][  0]BlueprintLog: New page: Editor Load
[2020.12.12-15.59.39:859][  0]LocalizationService: Localization service is disabled
[2020.12.12-15.59.39:972][  0]LogFileCache: Scanning file cache for directory 'D:/Dokumenty/Studia/Programowanie/KulaDajeFula/Content/' took 0.00s
[2020.12.12-15.59.39:972][  0]LogCook: Display: Max memory allowance for cook 16384mb min free memory 0mb
[2020.12.12-15.59.39:972][  0]LogCook: Display: Mobile HDR setting 1
[2020.12.12-15.59.40:206][  0]SourceControl: Source control is disabled
[2020.12.12-15.59.40:206][  0]LogUnrealEdMisc: Loading editor; pre map load, took 4.584
[2020.12.12-15.59.40:206][  0]Cmd: MAP LOAD FILE="../../../Engine/Content/Maps/Templates/Template_Default.umap" TEMPLATE=1 SHOWPROGRESS=1 FEATURELEVEL=3
[2020.12.12-15.59.40:206][  0]LightingResults: New page: Lighting Build
[2020.12.12-15.59.40:206][  0]LogWorld: UWorld::CleanupWorld for Untitled, bSessionEnded=true, bCleanupResources=true
[2020.12.12-15.59.40:207][  0]LogSlate: InvalidateAllWidgets triggered.  All widgets were invalidated
[2020.12.12-15.59.40:207][  0]MapCheck: New page: Map Check
[2020.12.12-15.59.40:207][  0]LightingResults: New page: Lighting Build
[2020.12.12-15.59.40:231][  0]LogAISub: UAISubsystem::~UAISubsystem EnvQueryManager (00000202323F4600), frame # 0
[2020.12.12-15.59.40:231][  0]LogAISub: UAISubsystem::~UAISubsystem AIPerceptionSystem (0000020232411800), frame # 0
[2020.12.12-15.59.40:231][  0]LogUObjectHash: Compacting FUObjectHashTables data took   0.63ms
[2020.12.12-15.59.40:281][  0]LogAIModule: Creating AISystem for world Untitled_1
[2020.12.12-15.59.40:281][  0]LogAISub: UAISubsystem::UAISubsystem EnvQueryManager (000002023266A200), frame # 0
[2020.12.12-15.59.40:281][  0]LogAISub: UAISubsystem::UAISubsystem AIPerceptionSystem (00000202327A5BC0), frame # 0
[2020.12.12-15.59.40:283][  0]LogEditorServer: Finished looking for orphan Actors (0.000 secs)
[2020.12.12-15.59.40:294][  0]LogUObjectHash: Compacting FUObjectHashTables data took   0.68ms
[2020.12.12-15.59.40:294][  0]Cmd: MAP CHECKDEP NOCLEARLOG
[2020.12.12-15.59.40:294][  0]MapCheck: Map check complete: 0 Error(s), 0 Warning(s), took 0,124ms to complete.
[2020.12.12-15.59.40:294][  0]LogFileHelpers: Loading map 'Template_Default' took 0.088
[2020.12.12-15.59.40:296][  0]LogUnrealEdMisc: Total Editor Startup Time, took 4.674
[2020.12.12-15.59.40:431][  0]LogCollectionManager: Loaded 0 collections in 0.000664 seconds
[2020.12.12-15.59.40:455][  0]LogFileCache: Scanning file cache for directory 'D:/Dokumenty/Studia/Programowanie/KulaDajeFula/Saved/Collections/' took 0.00s
[2020.12.12-15.59.40:455][  0]LogFileCache: Scanning file cache for directory 'D:/Dokumenty/Studia/Programowanie/KulaDajeFula/Content/Developers/Stwor/Collections/' took 0.00s
[2020.12.12-15.59.40:455][  0]LogFileCache: Scanning file cache for directory 'D:/Dokumenty/Studia/Programowanie/KulaDajeFula/Content/Collections/' took 0.00s
[2020.12.12-15.59.40:455][  0]LogContentBrowser: Native class hierarchy populated in 0.0093 seconds. Added 3427 classes and 821 folders.
[2020.12.12-15.59.40:459][  0]LogContentBrowser: Native class hierarchy updated for 'WidgetCarousel' in 0.0002 seconds. Added 0 classes and 0 folders.
[2020.12.12-15.59.40:861][  0]LogContentBrowser: Native class hierarchy updated for 'AddContentDialog' in 0.0003 seconds. Added 0 classes and 0 folders.
[2020.12.12-15.59.40:894][  0]LogSlate: Updating window title bar state: overlay mode, drag disabled, window buttons hidden, title bar hidden
[2020.12.12-15.59.40:900][  0]LogSlate: Updating window title bar state: overlay mode, drag disabled, window buttons hidden, title bar hidden
[2020.12.12-15.59.40:905][  0]LogSlate: Updating window title bar state: overlay mode, drag disabled, window buttons hidden, title bar hidden
[2020.12.12-15.59.40:910][  0]LogSlate: Updating window title bar state: overlay mode, drag disabled, window buttons hidden, title bar hidden
[2020.12.12-15.59.40:916][  0]LogContentBrowser: Native class hierarchy updated for 'SceneOutliner' in 0.0003 seconds. Added 2 classes and 0 folders.
[2020.12.12-15.59.40:968][  0]LogSlate: Took 0.000133 seconds to synchronously load lazily loaded font '../../../Engine/Content/Slate/Fonts/Roboto-Regular.ttf' (155K)
[2020.12.12-15.59.40:969][  0]LogSlate: Took 0.000086 seconds to synchronously load lazily loaded font '../../../Engine/Content/Slate/Fonts/Roboto-Bold.ttf' (160K)
[2020.12.12-15.59.40:979][  0]LogSlate: Took 0.005742 seconds to synchronously load lazily loaded font '../../../Engine/Content/Editor/Slate/Fonts/FontAwesome.ttf' (139K)
[2020.12.12-15.59.41:082][  0]LogRenderer: Reallocating scene render targets to support 1208x844 Format 10 NumSamples 1 (Frame:1).
[2020.12.12-15.59.41:173][  0]LogContentBrowser: Native class hierarchy updated for 'HierarchicalLODOutliner' in 0.0002 seconds. Added 0 classes and 0 folders.
[2020.12.12-15.59.41:173][  0]LogLoad: (Engine Initialization) Total time: 5.55 seconds
[2020.12.12-15.59.41:173][  0]LogLoad: (Engine Initialization) Total Blueprint compile time: 0.00 seconds
[2020.12.12-15.59.41:205][  0]LogAssetRegistry: Asset discovery search completed in 2.9810 seconds
[2020.12.12-15.59.41:208][  0]LogCollectionManager: Fixed up redirectors for 0 collections in 0.000003 seconds (updated 0 objects)
[2020.12.12-15.59.41:210][  0]LogContentStreaming: Texture pool size now 1000 MB
[2020.12.12-16.17.31:790][644]LogEditorViewport: Clicking on Actor (LMB): BP_Sky_Sphere_C (Sky Sphere)
[2020.12.12-16.17.36:569][165]LogSlate: Took 0.004807 seconds to synchronously load lazily loaded font '../../../Engine/Content/Slate/Fonts/Roboto-Light.ttf' (167K)
[2020.12.12-16.18.13:186][656]LogSlate: Took 0.000146 seconds to synchronously load lazily loaded font '../../../Engine/Content/Slate/Fonts/Roboto-Light.ttf' (167K)
[2020.12.12-16.18.13:196][656]LogAssetEditorSubsystem: Opening Asset editor for World /Game/Levels/MainLevel.MainLevel
[2020.12.12-16.18.13:207][656]LogUObjectHash: Compacting FUObjectHashTables data took   0.64ms
[2020.12.12-16.18.15:681][656]LogSlate: Window 'Save Content' being destroyed
[2020.12.12-16.18.40:849][830]LogUObjectHash: Compacting FUObjectHashTables data took   0.23ms
[2020.12.12-16.18.40:850][830]LogFileHelpers: Editor autosave (incl. sublevels) for '/Temp/Untitled_1' took 0.009
[2020.12.12-16.18.41:828][834]LogHttp: Warning: 000002021B44E400: invalid HTTP response code received. URL: https://datarouter.ol.epicgames.com/datarouter/api/v1/public/data?SessionID=%7B9A888722-4644-4EDF-9421-9EA8AF534DE6%7D&AppID=UEEditor.Rocket.Release&AppVersion=4.25.3-13942748%2B%2B%2BUE4%2BRelease-4.25&UserID=2d57b7df4df1b46ec0ad5980f8a48677%7C50839ba5386c41779b8716f3c7ae6563%7C2294f001-6c76-428c-89bb-c320c9718061&AppEnvironment=datacollector-source&UploadType=eteventstream, HTTP code: 0, content length: 0, actual payload size: 0
[2020.12.12-16.18.41:828][834]LogHttp: Warning: 000002021B44E400: request failed, libcurl error: 56 (Failure when receiving data from the peer)
[2020.12.12-16.18.41:828][834]LogHttp: Warning: 000002021B44E400: libcurl info message cache 0 (Found bundle for host datarouter.ol.epicgames.com: 0x2027411ff70 [can pipeline])
[2020.12.12-16.18.41:828][834]LogHttp: Warning: 000002021B44E400: libcurl info message cache 1 (Re-using existing connection! (#6) with host datarouter.ol.epicgames.com)
[2020.12.12-16.18.41:828][834]LogHttp: Warning: 000002021B44E400: libcurl info message cache 2 (Connected to datarouter.ol.epicgames.com (52.6.144.245) port 443 (#6))
[2020.12.12-16.18.41:828][834]LogHttp: Warning: 000002021B44E400: libcurl info message cache 3 (We are completely uploaded and fine)
[2020.12.12-16.18.41:828][834]LogHttp: Warning: 000002021B44E400: libcurl info message cache 4 (OpenSSL SSL_read: SSL_ERROR_SYSCALL, errno 10054)
[2020.12.12-16.18.41:828][834]LogHttp: Warning: 000002021B44E400: libcurl info message cache 5 (Connection died, retrying a fresh connect)
[2020.12.12-16.18.41:829][834]LogHttp: Warning: 000002021B44E400: libcurl info message cache 6 (necessary data rewind wasn't possible)
[2020.12.12-16.18.41:829][834]LogHttp: Warning: 000002021B44E400: libcurl info message cache 7 (Closing connection 6)
[2020.12.12-16.18.41:829][834]LogHttp: Warning: Retry exhausted on https://datarouter.ol.epicgames.com/datarouter/api/v1/public/data?SessionID=%7B9A888722-4644-4EDF-9421-9EA8AF534DE6%7D&AppID=UEEditor.Rocket.Release&AppVersion=4.25.3-13942748%2B%2B%2BUE4%2BRelease-4.25&UserID=2d57b7df4df1b46ec0ad5980f8a48677%7C50839ba5386c41779b8716f3c7ae6563%7C2294f001-6c76-428c-89bb-c320c9718061&AppEnvironment=datacollector-source&UploadType=eteventstream
[2020.12.12-16.19.45:485][150]LogAssetEditorSubsystem: Opening Asset editor for World /Game/Levels/MainLevel.MainLevel
[2020.12.12-16.19.45:494][150]LogUObjectHash: Compacting FUObjectHashTables data took   0.23ms
[2020.12.12-16.19.48:815][150]LogSlate: Window 'Save Content' being destroyed
[2020.12.12-16.19.48:819][150]Cmd: MAP LOAD FILE="../../../../../../Dokumenty/Studia/Programowanie/KulaDajeFula/Content/Levels/MainLevel.umap" TEMPLATE=0 SHOWPROGRESS=1 FEATURELEVEL=3
[2020.12.12-16.19.48:820][150]LightingResults: New page: Lighting Build
[2020.12.12-16.19.48:820][150]LoadErrors: New page: Loading map: MainLevel.umap
[2020.12.12-16.19.48:855][150]LogWorld: UWorld::CleanupWorld for Untitled_1, bSessionEnded=true, bCleanupResources=true
[2020.12.12-16.19.48:855][150]LogSlate: InvalidateAllWidgets triggered.  All widgets were invalidated
[2020.12.12-16.19.48:855][150]MapCheck: New page: Map Check
[2020.12.12-16.19.48:855][150]LightingResults: New page: Lighting Build
[2020.12.12-16.19.48:865][150]LogAISub: UAISubsystem::~UAISubsystem EnvQueryManager (000002023266A200), frame # 7150
[2020.12.12-16.19.48:865][150]LogAISub: UAISubsystem::~UAISubsystem AIPerceptionSystem (00000202327A5BC0), frame # 7150
[2020.12.12-16.19.48:865][150]LogUObjectHash: Compacting FUObjectHashTables data took   0.58ms
[2020.12.12-16.19.48:867][150]LogEditorServer: Finished looking for orphan Actors (0.000 secs)
[2020.12.12-16.19.48:867][150]LogAIModule: Creating AISystem for world MainLevel
[2020.12.12-16.19.48:867][150]LogAISub: UAISubsystem::UAISubsystem EnvQueryManager (00000202205BCA00), frame # 7150
[2020.12.12-16.19.48:867][150]LogAISub: UAISubsystem::UAISubsystem AIPerceptionSystem (00000202376082C0), frame # 7150
[2020.12.12-16.19.48:877][150]LogUObjectHash: Compacting FUObjectHashTables data took   0.53ms
[2020.12.12-16.19.48:896][150]Cmd: MAP CHECKDEP NOCLEARLOG
[2020.12.12-16.19.48:896][150]MapCheck: Map check complete: 0 Error(s), 0 Warning(s), took 0,081ms to complete.
[2020.12.12-16.19.48:896][150]LogFileHelpers: Loading map 'MainLevel' took 0.077
[2020.12.12-16.19.55:080][868]Cmd: BRUSH ADD SELECTNEWBRUSH
[2020.12.12-16.20.02:834][793]LogEditorViewport: Clicking on Actor (LMB): Brush (Box Brush)
[2020.12.12-16.20.07:939][395]Cmd: EDCALLBACK SURFPROPS
[2020.12.12-16.20.09:049][525]Cmd: EDCALLBACK SURFPROPS
[2020.12.12-16.20.12:593][945]LogEditorViewport: Clicking on Actor (LMB): Brush (Box Brush)
[2020.12.12-16.20.13:076][998]Cmd: EDCALLBACK SURFPROPS
[2020.12.12-16.20.16:308][382]Cmd: EDCALLBACK SURFPROPS
[2020.12.12-16.20.18:371][626]Cmd: TRANSACTION UNDO
[2020.12.12-16.20.18:371][626]LogEditorTransaction: Undo Move Actors
[2020.12.12-16.20.39:964][144]Cmd: TRANSACTION UNDO
[2020.12.12-16.20.39:965][144]LogEditorTransaction: Undo Scale Actors
[2020.12.12-16.20.41:650][297]Cmd: EDCALLBACK SURFPROPS
[2020.12.12-16.20.56:255][ 38]Cmd: BRUSH ADD SELECTNEWBRUSH
[2020.12.12-16.20.57:468][182]Cmd: DELETE
[2020.12.12-16.20.57:468][182]Cmd: ACTOR DELETE
[2020.12.12-16.20.57:471][182]LogEditorActor: Deleted Actor: Brush
[2020.12.12-16.20.57:480][182]LogUObjectHash: Compacting FUObjectHashTables data took   0.60ms
[2020.12.12-16.20.57:483][182]LogEditorActor: Deleted 1 Actors (0.014 secs)
[2020.12.12-16.21.01:692][682]Cmd: TRANSACTION UNDO
[2020.12.12-16.21.01:692][682]LogEditorTransaction: Undo Scale Actors
[2020.12.12-16.21.13:242][148]Cmd: TRANSACTION UNDO
[2020.12.12-16.21.13:242][148]LogEditorTransaction: Undo Scale Actors
[2020.12.12-16.21.24:010][384]LogEditorViewport: Clicking on Actor (LMB): Brush (Box Brush)
[2020.12.12-16.21.24:118][395]LogEditorViewport: Clicking on Actor (double click): Brush (Box Brush)
[2020.12.12-16.21.24:770][469]Cmd: EDCALLBACK SURFPROPS
[2020.12.12-16.21.25:993][615]Cmd: POLY TEXPAN U=1.000000 V=0.000000
[2020.12.12-16.21.26:518][678]Cmd: POLY TEXPAN U=1.000000 V=0.000000
[2020.12.12-16.21.26:967][732]Cmd: POLY TEXPAN U=4.000000 V=0.000000
[2020.12.12-16.21.27:426][787]Cmd: POLY TEXPAN U=16.000000 V=0.000000
[2020.12.12-16.21.28:059][863]Cmd: POLY TEXPAN U=16.000000 V=0.000000
[2020.12.12-16.21.28:676][937]Cmd: POLY TEXPAN U=4.000000 V=0.000000
[2020.12.12-16.21.29:168][996]Cmd: POLY TEXPAN U=1.000000 V=0.000000
[2020.12.12-16.21.29:701][ 60]Cmd: POLY TEXPAN U=1.000000 V=0.000000
[2020.12.12-16.21.30:284][130]Cmd: POLY TEXPAN U=4.000000 V=0.000000
[2020.12.12-16.21.30:676][177]Cmd: POLY TEXPAN U=64.000000 V=0.000000
[2020.12.12-16.21.39:555][238]Cmd: TRANSACTION UNDO
[2020.12.12-16.21.39:555][238]LogEditorTransaction: Undo Set Texpan
[2020.12.12-16.21.40:242][272]Cmd: TRANSACTION UNDO
[2020.12.12-16.21.40:242][272]LogEditorTransaction: Undo Set Texpan
[2020.12.12-16.21.40:631][318]Cmd: TRANSACTION UNDO
[2020.12.12-16.21.40:631][318]LogEditorTransaction: Undo Set Texpan
[2020.12.12-16.21.40:991][360]Cmd: TRANSACTION UNDO
[2020.12.12-16.21.40:991][360]LogEditorTransaction: Undo Set Texpan
[2020.12.12-16.21.41:329][400]Cmd: TRANSACTION UNDO
[2020.12.12-16.21.41:329][400]LogEditorTransaction: Undo Set Texpan
[2020.12.12-16.21.41:693][443]Cmd: TRANSACTION UNDO
[2020.12.12-16.21.41:693][443]LogEditorTransaction: Undo Set Texpan
[2020.12.12-16.21.42:098][491]Cmd: TRANSACTION UNDO
[2020.12.12-16.21.42:098][491]LogEditorTransaction: Undo Set Texpan
[2020.12.12-16.21.42:489][537]Cmd: TRANSACTION UNDO
[2020.12.12-16.21.42:490][537]LogEditorTransaction: Undo Set Texpan
[2020.12.12-16.21.53:946][901]Cmd: BRUSH ADD SELECTNEWBRUSH
[2020.12.12-16.22.12:362][ 90]Cmd: DELETE
[2020.12.12-16.22.12:362][ 90]Cmd: ACTOR DELETE
[2020.12.12-16.22.12:389][ 90]LogEditorActor: Deleted Actor: Brush
[2020.12.12-16.22.12:399][ 90]LogUObjectHash: Compacting FUObjectHashTables data took   0.58ms
[2020.12.12-16.22.12:403][ 90]LogEditorActor: Deleted 1 Actors (0.040 secs)
[2020.12.12-16.22.15:703][480]Cmd: DELETE
[2020.12.12-16.22.15:703][480]Cmd: ACTOR DELETE
[2020.12.12-16.22.15:705][480]LogEditorActor: Deleted Actor: Brush
[2020.12.12-16.22.15:714][480]LogUObjectHash: Compacting FUObjectHashTables data took   0.24ms
[2020.12.12-16.22.15:715][480]LogEditorActor: Deleted 1 Actors (0.012 secs)
[2020.12.12-16.22.18:184][771]Cmd: BRUSH ADD SELECTNEWBRUSH
[2020.12.12-16.22.20:216][ 12]Cmd: TRANSACTION UNDO
[2020.12.12-16.22.20:216][ 12]LogEditorTransaction: Undo Scale Actors
[2020.12.12-16.22.26:927][765]Cmd: TRANSACTION UNDO
[2020.12.12-16.22.26:927][765]LogEditorTransaction: Undo Edit Z
[2020.12.12-16.22.28:938][960]Cmd: TRANSACTION UNDO
[2020.12.12-16.22.28:938][960]LogEditorTransaction: Undo Edit Y
[2020.12.12-16.29.45:341][262]LogUObjectHash: Compacting FUObjectHashTables data took   0.70ms
[2020.12.12-16.29.45:352][262]LogSavePackage: Moving '../../../../../../Dokumenty/Studia/Programowanie/KulaDajeFula/Saved/MainLevel_Auto1E86A1A7344FA9D973D3EAB886A273D51.tmp' to '../../../../../../Dokumenty/Studia/Programowanie/KulaDajeFula/Saved/Autosaves/Game/Levels/MainLevel_Auto1.umap'
[2020.12.12-16.29.45:355][262]LogFileHelpers: Editor autosave (incl. sublevels) for '/Game/Levels/MainLevel' took 0.024
[2020.12.12-16.29.45:355][262]LogFileHelpers: Editor autosave (incl. sublevels) for all levels took 0.024
[2020.12.12-16.32.04:963][  7]Cmd: TRANSACTION UNDO
[2020.12.12-16.32.04:963][  7]LogEditorTransaction: Undo Rotate Actors
[2020.12.12-16.32.08:192][345]Cmd: EDIT COPY
[2020.12.12-16.32.08:676][403]Cmd: EDIT PASTE
[2020.12.12-16.32.20:062][741]Cmd: TRANSACTION UNDO
[2020.12.12-16.32.20:062][741]LogEditorTransaction: Undo Edit X
[2020.12.12-16.32.38:665][920]LogEditorViewport: Clicking Background
[2020.12.12-16.32.41:248][227]Cmd: EDIT COPY
[2020.12.12-16.32.41:625][272]Cmd: EDIT PASTE
[2020.12.12-16.32.44:437][605]LogEditorViewport: Clicking Background
[2020.12.12-16.33.02:483][327]LogEditorViewport: Clicking Background
[2020.12.12-16.33.15:538][880]Cmd: TRANSACTION UNDO
[2020.12.12-16.33.15:538][880]LogEditorTransaction: Undo Move Actors
[2020.12.12-16.33.17:468][ 62]Cmd: TRANSACTION UNDO
[2020.12.12-16.33.17:468][ 62]LogEditorTransaction: Undo Move Actors
[2020.12.12-16.33.18:169][144]Cmd: EDIT COPY
[2020.12.12-16.33.18:402][172]Cmd: EDIT PASTE
[2020.12.12-16.33.23:389][765]Cmd: TRANSACTION UNDO
[2020.12.12-16.33.23:389][765]LogEditorTransaction: Undo Edit Z
[2020.12.12-16.33.25:003][909]Cmd: TRANSACTION UNDO
[2020.12.12-16.33.25:003][909]LogEditorTransaction: Undo Edit Y
[2020.12.12-16.33.37:562][404]LogEditorViewport: Clicking Background
[2020.12.12-16.33.45:463][343]LogEditorViewport: Clicking Background
[2020.12.12-16.34.01:606][118]LogUObjectHash: Compacting FUObjectHashTables data took   0.62ms
[2020.12.12-16.34.01:623][118]Cmd: OBJ SAVEPACKAGE PACKAGE="/Game/Levels/MainLevel" FILE="../../../../../../Dokumenty/Studia/Programowanie/KulaDajeFula/Content/Levels/MainLevel.umap" SILENT=true AUTOSAVING=false KEEPDIRTY=false
[2020.12.12-16.34.01:633][118]LogUObjectHash: Compacting FUObjectHashTables data took   0.25ms
[2020.12.12-16.34.01:646][118]LogSavePackage: Moving '../../../../../../Dokumenty/Studia/Programowanie/KulaDajeFula/Saved/MainLevel5294DD6245C722AFB428B6BE90ABD9F2.tmp' to '../../../../../../Dokumenty/Studia/Programowanie/KulaDajeFula/Content/Levels/MainLevel.umap'
[2020.12.12-16.34.01:669][118]LogFileHelpers: Saving map 'MainLevel' took 0.047
[2020.12.12-16.34.01:677][118]AssetCheck: New page: Asset Save: MainLevel
[2020.12.12-16.34.01:677][118]LogContentValidation: Display: Validating World /Game/Levels/MainLevel.MainLevel
